vrb (0.5.1-5) unstable; urgency=low

  * Correctly handle nostip in DEB_BUILD_OPTIONS (Closes: #437455)
  * Fixed libvrb.so symbolic link in -dev to point to libvrb.so.0.5.1
    instead of libvrb-0.5.0
  * Converted the pseudo-header field 'Homepage:' into a real header
  * Changed source package name, so it's consistent with upstream
  * Cleaned up debian/rules, discarding useless comments
  * Upstream version in debian/rules is now determined from
    debian/changelog, removing redundancy from debian/rules (Closes: #483348)
  * Converted debian/copyright to UTF-8
  * Bumped Standards-Version to 3.8.0

 -- Székelyi Szabolcs <cc@mail.3d.hu>  Wed, 23 Jul 2008 22:20:05 +0200

libvrb (0.5.1-4) unstable; urgency=low

  * updated copyright file to reflect that vbuf is licensed under the GPL

 -- Székelyi Szabolcs <cc@mail.3d.hu>  Tue, 21 Nov 2006 23:16:47 +0100

libvrb (0.5.1-3) unstable; urgency=low

  * Updated package descriptions: correct indentation of 'Homepage:'
    pseudo-field (per developers reference recommendation)
  * Added watch file
  * Corrected error in vbuf manual page concerning --octal
  * Added "Replaces: libvrb-dev" to libvrb0-dev  

 -- Székelyi Szabolcs <cc@mail.3d.hu>  Sat, 14 Oct 2006 12:44:30 +0200

libvrb (0.5.1-2) unstable; urgency=low

  * Updated package desciptions for better general understandability
  * Packaged vbuf (new binary package: vbuf)

 -- Székelyi Szabolcs <cc@mail.3d.hu>  Thu,  7 Sep 2006 19:52:23 +0200

libvrb (0.5.1-1) unstable; urgency=low

  * Initial release (Closes: #377551)

 -- Székelyi Szabolcs <cc@mail.3d.hu>  Sat, 12 Aug 2006 15:32:49 +0200

2006-08-02	Phil Howard
	Release 0.5.1
2006-07-26
	Fixed configure leaving an extra "O" when using "-O" [Székelyi Szabolcs]

2006-03-06	Phil Howard
	Release 0.5.0

2006-03-03
	Updated configure script to that used in LIBH
	Generalized data type/format for vbuf size output [Matteo Croce]

2004-12-18
	Fixed buffer size calculation in vbuf sample program
	Changed vbuf program to use getopt()
	Redesigned poll loop logic for vbuf program

2004-04-03
	Added vrb_empty function

2004-03-05
	Cleaned up dead code in vrb_take

2002-09-30	Phil Howard
	Release 0.4.0

2002-09-30	Phil Howard
	Added vbuf demo program
	Removed iobuffer demo program
	COMPATIBILITY: Changed typedef "VRB" to not be a pointer type
	COMPATIBILITY: Changed the pointer typedef from "vrb" to "vrb_p"
	Added comments explaining the name argument (Kasper Dupont)
	Restructured vrb_init_opt error cleanup logic
	Added options to vrb_init_opt to disable guard pages
	Changed vrb_init to be a macro that calls vrb_init_opt
	Added macro vrb_new_opt
	Renamed function vrb_init to vrb_init_opt
	Added guard page feature for buffer overflow protection

2002-09-29	Phil Howard
	Use MAP_ANONYMOUS by default since MAP_ANON is depricated
	Added man pages

2001-12-10	Phil Howard
	Release 0.3.0

2001-12-10	Phil Howard
	Removed typedef for vrb_t (not for callers)
	Removed typedef for vrb_p (redundant)
	Added macro vrb_data_end
	Added macro vrb_space_end
	Corrected struct references in macro vrb_is_full (Warren Dale)
	Corrected spelling of label in vrb_init.c
	Corrected length allocation bug in vrb_init.c (Warren Dale)
	Changed macro vrb_space_len
	Changed macro vrb_capacity (removed add 0)
	Changed comments for vrb_data_ptr
	Changed comments for vrb_space_ptr

2001-03-03	Phil Howard
	Original release 0.2.0
